c:\users\twisted\documents\visual studio 2013\projects\remoteplay-win32 - old gui\lilypad\debug\lilypad.pch
c:\users\twisted\documents\visual studio 2013\projects\remoteplay-win32 - old gui\lilypad\debug\vc120.pdb
c:\users\twisted\documents\visual studio 2013\projects\remoteplay-win32 - old gui\lilypad\debug\global.obj
c:\users\twisted\documents\visual studio 2013\projects\remoteplay-win32 - old gui\lilypad\debug\wndproceater.obj
c:\users\twisted\documents\visual studio 2013\projects\remoteplay-win32 - old gui\lilypad\debug\vkey.obj
c:\users\twisted\documents\visual studio 2013\projects\remoteplay-win32 - old gui\lilypad\debug\inputmanager.obj
c:\users\twisted\documents\visual studio 2013\projects\remoteplay-win32 - old gui\lilypad\debug\deviceenumerator.obj
c:\users\twisted\documents\visual studio 2013\projects\remoteplay-win32 - old gui\lilypad\debug\xinputenum.obj
c:\users\twisted\documents\visual studio 2013\projects\remoteplay-win32 - old gui\lilypad\debug\windowsmouse.obj
c:\users\twisted\documents\visual studio 2013\projects\remoteplay-win32 - old gui\lilypad\debug\windowsmessaging.obj
c:\users\twisted\documents\visual studio 2013\projects\remoteplay-win32 - old gui\lilypad\debug\windowskeyboard.obj
c:\users\twisted\documents\visual studio 2013\projects\remoteplay-win32 - old gui\lilypad\debug\rawinput.obj
c:\users\twisted\documents\visual studio 2013\projects\remoteplay-win32 - old gui\lilypad\debug\keyboardqueue.obj
c:\users\twisted\documents\visual studio 2013\projects\remoteplay-win32 - old gui\lilypad\debug\keyboardhook.obj
c:\users\twisted\documents\visual studio 2013\projects\remoteplay-win32 - old gui\lilypad\debug\hiddevice.obj
c:\users\twisted\documents\visual studio 2013\projects\remoteplay-win32 - old gui\lilypad\debug\dualshock4.obj
c:\users\twisted\documents\visual studio 2013\projects\remoteplay-win32 - old gui\lilypad\debug\directinput.obj
c:\users\twisted\documents\visual studio 2013\projects\remoteplay-win32 - old gui\lilypad\debug\lilypad.obj
c:\users\twisted\documents\visual studio 2013\projects\remoteplay-win32 - old gui\lilypad\debug\diagnostics.obj
c:\users\twisted\documents\visual studio 2013\projects\remoteplay-win32 - old gui\lilypad\debug\config.obj
c:\users\twisted\documents\visual studio 2013\projects\remoteplay-win32 - old gui\win32\debug\lilypad.lib
c:\users\twisted\documents\visual studio 2013\projects\remoteplay-win32 - old gui\win32\debug\lilypad.exp
c:\users\twisted\documents\visual studio 2013\projects\remoteplay-win32 - old gui\win32\debug\lilypad.dll
c:\users\twisted\documents\visual studio 2013\projects\remoteplay-win32 - old gui\win32\debug\lilypad.pdb
c:\users\twisted\documents\visual studio 2013\projects\remoteplay-win32 - old gui\lilypad\debug\lilypad.res
c:\users\twisted\documents\visual studio 2013\projects\remoteplay-win32 - old gui\lilypad\debug\lilypad.tlog\cl.command.1.tlog
c:\users\twisted\documents\visual studio 2013\projects\remoteplay-win32 - old gui\lilypad\debug\lilypad.tlog\cl.read.1.tlog
c:\users\twisted\documents\visual studio 2013\projects\remoteplay-win32 - old gui\lilypad\debug\lilypad.tlog\cl.write.1.tlog
c:\users\twisted\documents\visual studio 2013\projects\remoteplay-win32 - old gui\lilypad\debug\lilypad.tlog\lilypad.write.1u.tlog
c:\users\twisted\documents\visual studio 2013\projects\remoteplay-win32 - old gui\lilypad\debug\lilypad.tlog\link.command.1.tlog
c:\users\twisted\documents\visual studio 2013\projects\remoteplay-win32 - old gui\lilypad\debug\lilypad.tlog\link.read.1.tlog
c:\users\twisted\documents\visual studio 2013\projects\remoteplay-win32 - old gui\lilypad\debug\lilypad.tlog\link.write.1.tlog
c:\users\twisted\documents\visual studio 2013\projects\remoteplay-win32 - old gui\lilypad\debug\lilypad.tlog\rc.command.1.tlog
c:\users\twisted\documents\visual studio 2013\projects\remoteplay-win32 - old gui\lilypad\debug\lilypad.tlog\rc.read.1.tlog
c:\users\twisted\documents\visual studio 2013\projects\remoteplay-win32 - old gui\lilypad\debug\lilypad.tlog\rc.write.1.tlog
