c:\users\twisted\documents\visual studio 2013\projects\remoteplay-win32 - old gui\lilypad\debug premium\lilypad.pch
c:\users\twisted\documents\visual studio 2013\projects\remoteplay-win32 - old gui\lilypad\debug premium\vc120.pdb
c:\users\twisted\documents\visual studio 2013\projects\remoteplay-win32 - old gui\lilypad\debug premium\global.obj
c:\users\twisted\documents\visual studio 2013\projects\remoteplay-win32 - old gui\lilypad\debug premium\wndproceater.obj
c:\users\twisted\documents\visual studio 2013\projects\remoteplay-win32 - old gui\lilypad\debug premium\vkey.obj
c:\users\twisted\documents\visual studio 2013\projects\remoteplay-win32 - old gui\lilypad\debug premium\inputmanager.obj
c:\users\twisted\documents\visual studio 2013\projects\remoteplay-win32 - old gui\lilypad\debug premium\deviceenumerator.obj
c:\users\twisted\documents\visual studio 2013\projects\remoteplay-win32 - old gui\lilypad\debug premium\xinputenum.obj
c:\users\twisted\documents\visual studio 2013\projects\remoteplay-win32 - old gui\lilypad\debug premium\windowsmouse.obj
c:\users\twisted\documents\visual studio 2013\projects\remoteplay-win32 - old gui\lilypad\debug premium\windowsmessaging.obj
c:\users\twisted\documents\visual studio 2013\projects\remoteplay-win32 - old gui\lilypad\debug premium\windowskeyboard.obj
c:\users\twisted\documents\visual studio 2013\projects\remoteplay-win32 - old gui\lilypad\debug premium\rawinput.obj
c:\users\twisted\documents\visual studio 2013\projects\remoteplay-win32 - old gui\lilypad\debug premium\keyboardqueue.obj
c:\users\twisted\documents\visual studio 2013\projects\remoteplay-win32 - old gui\lilypad\debug premium\keyboardhook.obj
c:\users\twisted\documents\visual studio 2013\projects\remoteplay-win32 - old gui\lilypad\debug premium\hiddevice.obj
c:\users\twisted\documents\visual studio 2013\projects\remoteplay-win32 - old gui\lilypad\debug premium\dualshock4.obj
c:\users\twisted\documents\visual studio 2013\projects\remoteplay-win32 - old gui\lilypad\debug premium\directinput.obj
c:\users\twisted\documents\visual studio 2013\projects\remoteplay-win32 - old gui\lilypad\debug premium\lilypad.obj
c:\users\twisted\documents\visual studio 2013\projects\remoteplay-win32 - old gui\lilypad\debug premium\diagnostics.obj
c:\users\twisted\documents\visual studio 2013\projects\remoteplay-win32 - old gui\lilypad\debug premium\config.obj
c:\users\twisted\documents\visual studio 2013\projects\remoteplay-win32 - old gui\win32\debug premium\lilypad.lib
c:\users\twisted\documents\visual studio 2013\projects\remoteplay-win32 - old gui\win32\debug premium\lilypad.exp
c:\users\twisted\documents\visual studio 2013\projects\remoteplay-win32 - old gui\win32\debug premium\lilypad.dll
c:\users\twisted\documents\visual studio 2013\projects\remoteplay-win32 - old gui\win32\debug premium\lilypad.pdb
c:\users\twisted\documents\visual studio 2013\projects\remoteplay-win32 - old gui\lilypad\debug premium\lilypad.res
c:\users\twisted\documents\visual studio 2013\projects\remoteplay-win32 - old gui\lilypad\debug premium\lilypad.tlog\cl.command.1.tlog
c:\users\twisted\documents\visual studio 2013\projects\remoteplay-win32 - old gui\lilypad\debug premium\lilypad.tlog\cl.read.1.tlog
c:\users\twisted\documents\visual studio 2013\projects\remoteplay-win32 - old gui\lilypad\debug premium\lilypad.tlog\cl.write.1.tlog
c:\users\twisted\documents\visual studio 2013\projects\remoteplay-win32 - old gui\lilypad\debug premium\lilypad.tlog\lilypad.write.1u.tlog
c:\users\twisted\documents\visual studio 2013\projects\remoteplay-win32 - old gui\lilypad\debug premium\lilypad.tlog\link.command.1.tlog
c:\users\twisted\documents\visual studio 2013\projects\remoteplay-win32 - old gui\lilypad\debug premium\lilypad.tlog\link.read.1.tlog
c:\users\twisted\documents\visual studio 2013\projects\remoteplay-win32 - old gui\lilypad\debug premium\lilypad.tlog\link.write.1.tlog
c:\users\twisted\documents\visual studio 2013\projects\remoteplay-win32 - old gui\lilypad\debug premium\lilypad.tlog\rc.command.1.tlog
c:\users\twisted\documents\visual studio 2013\projects\remoteplay-win32 - old gui\lilypad\debug premium\lilypad.tlog\rc.read.1.tlog
c:\users\twisted\documents\visual studio 2013\projects\remoteplay-win32 - old gui\lilypad\debug premium\lilypad.tlog\rc.write.1.tlog
