c:\users\twisted\documents\visual studio 2015\projects\remoteplay-win32 - old gui\lilypad\release\lilypad.pch
c:\users\twisted\documents\visual studio 2015\projects\remoteplay-win32 - old gui\lilypad\release\vc120.pdb
c:\users\twisted\documents\visual studio 2015\projects\remoteplay-win32 - old gui\lilypad\release\global.obj
c:\users\twisted\documents\visual studio 2015\projects\remoteplay-win32 - old gui\lilypad\release\wndproceater.obj
c:\users\twisted\documents\visual studio 2015\projects\remoteplay-win32 - old gui\lilypad\release\vkey.obj
c:\users\twisted\documents\visual studio 2015\projects\remoteplay-win32 - old gui\lilypad\release\inputmanager.obj
c:\users\twisted\documents\visual studio 2015\projects\remoteplay-win32 - old gui\lilypad\release\deviceenumerator.obj
c:\users\twisted\documents\visual studio 2015\projects\remoteplay-win32 - old gui\lilypad\release\xinputenum.obj
c:\users\twisted\documents\visual studio 2015\projects\remoteplay-win32 - old gui\lilypad\release\windowsmouse.obj
c:\users\twisted\documents\visual studio 2015\projects\remoteplay-win32 - old gui\lilypad\release\windowsmessaging.obj
c:\users\twisted\documents\visual studio 2015\projects\remoteplay-win32 - old gui\lilypad\release\windowskeyboard.obj
c:\users\twisted\documents\visual studio 2015\projects\remoteplay-win32 - old gui\lilypad\release\rawinput.obj
c:\users\twisted\documents\visual studio 2015\projects\remoteplay-win32 - old gui\lilypad\release\keyboardqueue.obj
c:\users\twisted\documents\visual studio 2015\projects\remoteplay-win32 - old gui\lilypad\release\keyboardhook.obj
c:\users\twisted\documents\visual studio 2015\projects\remoteplay-win32 - old gui\lilypad\release\hiddevice.obj
c:\users\twisted\documents\visual studio 2015\projects\remoteplay-win32 - old gui\lilypad\release\dualshock4.obj
c:\users\twisted\documents\visual studio 2015\projects\remoteplay-win32 - old gui\lilypad\release\directinput.obj
c:\users\twisted\documents\visual studio 2015\projects\remoteplay-win32 - old gui\lilypad\release\lilypad.obj
c:\users\twisted\documents\visual studio 2015\projects\remoteplay-win32 - old gui\lilypad\release\diagnostics.obj
c:\users\twisted\documents\visual studio 2015\projects\remoteplay-win32 - old gui\lilypad\release\config.obj
c:\users\twisted\documents\visual studio 2015\projects\remoteplay-win32 - old gui\win32\release\lilypad.lib
c:\users\twisted\documents\visual studio 2015\projects\remoteplay-win32 - old gui\win32\release\lilypad.exp
c:\users\twisted\documents\visual studio 2015\projects\remoteplay-win32 - old gui\win32\release\lilypad.dll
c:\users\twisted\documents\visual studio 2015\projects\remoteplay-win32 - old gui\lilypad\release\lilypad.res
c:\users\twisted\documents\visual studio 2015\projects\remoteplay-win32 - old gui\lilypad\release\lilypad.tlog\cl.command.1.tlog
c:\users\twisted\documents\visual studio 2015\projects\remoteplay-win32 - old gui\lilypad\release\lilypad.tlog\cl.read.1.tlog
c:\users\twisted\documents\visual studio 2015\projects\remoteplay-win32 - old gui\lilypad\release\lilypad.tlog\cl.write.1.tlog
c:\users\twisted\documents\visual studio 2015\projects\remoteplay-win32 - old gui\lilypad\release\lilypad.tlog\lilypad.write.1u.tlog
c:\users\twisted\documents\visual studio 2015\projects\remoteplay-win32 - old gui\lilypad\release\lilypad.tlog\link.command.1.tlog
c:\users\twisted\documents\visual studio 2015\projects\remoteplay-win32 - old gui\lilypad\release\lilypad.tlog\link.read.1.tlog
c:\users\twisted\documents\visual studio 2015\projects\remoteplay-win32 - old gui\lilypad\release\lilypad.tlog\link.write.1.tlog
c:\users\twisted\documents\visual studio 2015\projects\remoteplay-win32 - old gui\lilypad\release\lilypad.tlog\rc.command.1.tlog
c:\users\twisted\documents\visual studio 2015\projects\remoteplay-win32 - old gui\lilypad\release\lilypad.tlog\rc.read.1.tlog
c:\users\twisted\documents\visual studio 2015\projects\remoteplay-win32 - old gui\lilypad\release\lilypad.tlog\rc.write.1.tlog
