c:\users\twisted\documents\visual studio 2013\projects\remoteplay-win32 - old gui\lilypad\release premium\lilypad.pch
c:\users\twisted\documents\visual studio 2013\projects\remoteplay-win32 - old gui\lilypad\release premium\vc120.pdb
c:\users\twisted\documents\visual studio 2013\projects\remoteplay-win32 - old gui\lilypad\release premium\global.obj
c:\users\twisted\documents\visual studio 2013\projects\remoteplay-win32 - old gui\lilypad\release premium\wndproceater.obj
c:\users\twisted\documents\visual studio 2013\projects\remoteplay-win32 - old gui\lilypad\release premium\vkey.obj
c:\users\twisted\documents\visual studio 2013\projects\remoteplay-win32 - old gui\lilypad\release premium\inputmanager.obj
c:\users\twisted\documents\visual studio 2013\projects\remoteplay-win32 - old gui\lilypad\release premium\deviceenumerator.obj
c:\users\twisted\documents\visual studio 2013\projects\remoteplay-win32 - old gui\lilypad\release premium\xinputenum.obj
c:\users\twisted\documents\visual studio 2013\projects\remoteplay-win32 - old gui\lilypad\release premium\windowsmouse.obj
c:\users\twisted\documents\visual studio 2013\projects\remoteplay-win32 - old gui\lilypad\release premium\windowsmessaging.obj
c:\users\twisted\documents\visual studio 2013\projects\remoteplay-win32 - old gui\lilypad\release premium\windowskeyboard.obj
c:\users\twisted\documents\visual studio 2013\projects\remoteplay-win32 - old gui\lilypad\release premium\rawinput.obj
c:\users\twisted\documents\visual studio 2013\projects\remoteplay-win32 - old gui\lilypad\release premium\keyboardqueue.obj
c:\users\twisted\documents\visual studio 2013\projects\remoteplay-win32 - old gui\lilypad\release premium\keyboardhook.obj
c:\users\twisted\documents\visual studio 2013\projects\remoteplay-win32 - old gui\lilypad\release premium\hiddevice.obj
c:\users\twisted\documents\visual studio 2013\projects\remoteplay-win32 - old gui\lilypad\release premium\dualshock4.obj
c:\users\twisted\documents\visual studio 2013\projects\remoteplay-win32 - old gui\lilypad\release premium\directinput.obj
c:\users\twisted\documents\visual studio 2013\projects\remoteplay-win32 - old gui\lilypad\release premium\lilypad.obj
c:\users\twisted\documents\visual studio 2013\projects\remoteplay-win32 - old gui\lilypad\release premium\diagnostics.obj
c:\users\twisted\documents\visual studio 2013\projects\remoteplay-win32 - old gui\lilypad\release premium\config.obj
c:\users\twisted\documents\visual studio 2013\projects\remoteplay-win32 - old gui\win32\release premium\lilypad.lib
c:\users\twisted\documents\visual studio 2013\projects\remoteplay-win32 - old gui\win32\release premium\lilypad.exp
c:\users\twisted\documents\visual studio 2013\projects\remoteplay-win32 - old gui\win32\release premium\lilypad.dll
c:\users\twisted\documents\visual studio 2013\projects\remoteplay-win32 - old gui\lilypad\release premium\lilypad.res
c:\users\twisted\documents\visual studio 2013\projects\remoteplay-win32 - old gui\lilypad\release premium\lilypad.tlog\cl.command.1.tlog
c:\users\twisted\documents\visual studio 2013\projects\remoteplay-win32 - old gui\lilypad\release premium\lilypad.tlog\cl.read.1.tlog
c:\users\twisted\documents\visual studio 2013\projects\remoteplay-win32 - old gui\lilypad\release premium\lilypad.tlog\cl.write.1.tlog
c:\users\twisted\documents\visual studio 2013\projects\remoteplay-win32 - old gui\lilypad\release premium\lilypad.tlog\lilypad.write.1u.tlog
c:\users\twisted\documents\visual studio 2013\projects\remoteplay-win32 - old gui\lilypad\release premium\lilypad.tlog\link.command.1.tlog
c:\users\twisted\documents\visual studio 2013\projects\remoteplay-win32 - old gui\lilypad\release premium\lilypad.tlog\link.read.1.tlog
c:\users\twisted\documents\visual studio 2013\projects\remoteplay-win32 - old gui\lilypad\release premium\lilypad.tlog\link.write.1.tlog
c:\users\twisted\documents\visual studio 2013\projects\remoteplay-win32 - old gui\lilypad\release premium\lilypad.tlog\rc.command.1.tlog
c:\users\twisted\documents\visual studio 2013\projects\remoteplay-win32 - old gui\lilypad\release premium\lilypad.tlog\rc.read.1.tlog
c:\users\twisted\documents\visual studio 2013\projects\remoteplay-win32 - old gui\lilypad\release premium\lilypad.tlog\rc.write.1.tlog
